# JRE version: Java(TM) SE Runtime Environment (18.0.2+9) (build 18.0.2+9-61)
# Java VM: Java HotSpot(TM) 64-Bit Server VM (18.0.2+9-61, mixed mode, sharing, tiered, compressed oops, compressed class ptrs, g1 gc, windows-amd64)
GC Precious Log:
 CardTable entry size: 512
 Card Set container configuration: InlinePtr #cards 5 size 8 Array Of Cards #cards 12 size 40 Howl #buckets 4 coarsen threshold 1843 Howl Bitmap #cards 512 size 80 coarsen threshold 460 Card regions per heap region 1 cards per card region 2048
 CPUs: 2 total, 2 available
 Memory: 1888M
 Large Page Support: Disabled
 NUMA Support: Disabled
 Compressed Oops: Enabled (32-bit)
 Heap Region Size: 1M
 Heap Min Capacity: 8M
 Heap Initial Capacity: 30M
 Heap Max Capacity: 474M
 Pre-touch: Disabled
 Parallel Workers: 2
 Concurrent Workers: 1
 Concurrent Refinement Workers: 2
 Periodic GC: Disabled
Heap:
 garbage-first heap   total 30720K, used 18321K [0x00000000e2600000, 0x0000000100000000)
  region size 1024K, 14 young (14336K), 2 survivors (2048K)
 Metaspace       used 12190K, committed 12544K, reserved 1114112K
  class space    used 1633K, committed 1792K, reserved 1048576K
GC Heap History (8 events):
Event: 1.288 GC heap before
{Heap before GC invocations=0 (full 0):
 garbage-first heap   total 30720K, used 5120K [0x00000000e2600000, 0x0000000100000000)
  region size 1024K, 6 young (6144K), 0 survivors (0K)
 Metaspace       used 508K, committed 704K, reserved 1114112K
  class space    used 30K, committed 128K, reserved 1048576K
}
Event: 1.310 GC heap after
{Heap after GC invocations=1 (full 0):
 garbage-first heap   total 30720K, used 708K [0x00000000e2600000, 0x0000000100000000)
  region size 1024K, 1 young (1024K), 1 survivors (1024K)
 Metaspace       used 508K, committed 704K, reserved 1114112K
  class space    used 30K, committed 128K, reserved 1048576K
}
Event: 6.262 GC heap before
{Heap before GC invocations=1 (full 0):
 garbage-first heap   total 30720K, used 6852K [0x00000000e2600000, 0x0000000100000000)
  region size 1024K, 8 young (8192K), 1 survivors (1024K)
 Metaspace       used 2648K, committed 2880K, reserved 1114112K
  class space    used 267K, committed 384K, reserved 1048576K
}
Event: 6.269 GC heap after
{Heap after GC invocations=2 (full 0):
 garbage-first heap   total 30720K, used 1842K [0x00000000e2600000, 0x0000000100000000)
  region size 1024K, 1 young (1024K), 1 survivors (1024K)
 Metaspace       used 2648K, committed 2880K, reserved 1114112K
  class space    used 267K, committed 384K, reserved 1048576K
}
Event: 8.542 GC heap before
{Heap before GC invocations=2 (full 0):
 garbage-first heap   total 30720K, used 11058K [0x00000000e2600000, 0x0000000100000000)
  region size 1024K, 11 young (11264K), 1 survivors (1024K)
 Metaspace       used 6397K, committed 6592K, reserved 1114112K
  class space    used 752K, committed 832K, reserved 1048576K
}
Event: 8.551 GC heap after
{Heap after GC invocations=3 (full 0):
 garbage-first heap   total 30720K, used 3926K [0x00000000e2600000, 0x0000000100000000)
  region size 1024K, 2 young (2048K), 2 survivors (2048K)
 Metaspace       used 6397K, committed 6592K, reserved 1114112K
  class space    used 752K, committed 832K, reserved 1048576K
}
Event: 11.207 GC heap before
{Heap before GC invocations=3 (full 0):
 garbage-first heap   total 30720K, used 14166K [0x00000000e2600000, 0x0000000100000000)
  region size 1024K, 13 young (13312K), 2 survivors (2048K)
 Metaspace       used 8905K, committed 9152K, reserved 1114112K
  class space    used 1150K, committed 1280K, reserved 1048576K
}
Event: 11.219 GC heap after
{Heap after GC invocations=4 (full 0):
 garbage-first heap   total 30720K, used 6033K [0x00000000e2600000, 0x0000000100000000)
  region size 1024K, 2 young (2048K), 2 survivors (2048K)
 Metaspace       used 8905K, committed 9152K, reserved 1114112K
  class space    used 1150K, committed 1280K, reserved 1048576K
}

